<?xml version="1.0" encoding="UTF-8"?>
<testng-results ignored="0" total="0" passed="0" failed="0" skipped="0">
  <reporter-output>
  </reporter-output>
  <suite started-at="2024-10-23T14:22:11 IST" name="Suite" finished-at="2024-10-23T14:22:14 IST" duration-ms="2711">
    <groups>
    </groups>
    <test started-at="2024-10-23T14:22:11 IST" name="Test" finished-at="2024-10-23T14:22:14 IST" duration-ms="2711">
      <class name="Automate.project.Assesment">
        <test-method is-config="true" signature="LaunchBrowser()[pri:0, instance:Automate.project.Assesment@c8c12ac]" started-at="2024-10-23T14:22:11 IST" name="LaunchBrowser" finished-at="2024-10-23T14:22:14 IST" duration-ms="2685" status="PASS">
          <reporter-output>
          </reporter-output>
        </test-method> <!-- LaunchBrowser -->
      </class> <!-- Automate.project.Assesment -->
    </test> <!-- Test -->
  </suite> <!-- Suite -->
</testng-results>
